[2024-10-06 12:35:25,399: INFO: main: Custom Logger]
[2024-10-07 13:42:35,224: INFO: config: PyTorch version 2.3.1.post100 available.]
[2024-10-07 13:42:35,225: INFO: config: TensorFlow version 2.17.0 available.]
[2024-10-07 13:44:39,908: INFO: config: PyTorch version 2.3.1.post100 available.]
[2024-10-07 13:44:39,909: INFO: config: TensorFlow version 2.17.0 available.]
[2024-10-07 13:44:40,102: INFO: utils: The file: config.yaml loaded successfully...]
[2024-10-07 13:44:40,103: INFO: utils: The file: config.yaml loaded successfully...]
[2024-10-07 13:44:40,830: INFO: data: The data "Samsung/samsum" loaded successfully and saved at "artifacts/data" with size 10.05 MB]
[2024-10-08 06:02:17,668: INFO: config: PyTorch version 2.3.1.post100 available.]
[2024-10-08 06:02:17,670: INFO: config: TensorFlow version 2.17.0 available.]
[2024-10-08 06:54:43,779: INFO: utils: The file: config.yaml loaded successfully...]
[2024-10-08 06:54:43,782: INFO: utils: The file: config.yaml loaded successfully...]
[2024-10-08 06:54:43,783: INFO: utils: Directory 'artifacts/tokenized_data' was created successfully...]
[2024-10-08 06:55:13,177: INFO: utils: The file: config.yaml loaded successfully...]
[2024-10-08 06:55:13,179: INFO: utils: The file: config.yaml loaded successfully...]
[2024-10-08 06:56:47,894: INFO: utils: The file: config.yaml loaded successfully...]
[2024-10-08 06:56:47,896: INFO: utils: The file: config.yaml loaded successfully...]
[2024-10-08 06:57:21,837: INFO: utils: The file: config.yaml loaded successfully...]
[2024-10-08 06:57:21,840: INFO: utils: The file: config.yaml loaded successfully...]
[2024-10-08 07:01:16,587: INFO: utils: The file: config.yaml loaded successfully...]
[2024-10-08 07:01:16,589: INFO: utils: The file: config.yaml loaded successfully...]
[2024-10-08 07:16:26,834: INFO: config: PyTorch version 2.3.1.post100 available.]
[2024-10-08 07:16:26,835: INFO: config: TensorFlow version 2.17.0 available.]
[2024-10-08 07:17:09,602: INFO: config: PyTorch version 2.3.1.post100 available.]
[2024-10-08 07:17:09,603: INFO: config: TensorFlow version 2.17.0 available.]
[2024-10-08 07:18:04,632: INFO: config: PyTorch version 2.3.1.post100 available.]
[2024-10-08 07:18:04,632: INFO: config: TensorFlow version 2.17.0 available.]
[2024-10-08 07:18:25,364: INFO: config: PyTorch version 2.3.1.post100 available.]
[2024-10-08 07:18:25,365: INFO: config: TensorFlow version 2.17.0 available.]
[2024-10-08 07:18:26,658: INFO: utils: The file: config.yaml loaded successfully...]
[2024-10-08 07:18:26,659: INFO: utils: The file: config.yaml loaded successfully...]
[2024-10-08 07:18:27,522: INFO: data: The data "Samsung/samsum" loaded successfully and saved at "artifacts/data" with size 48.43 MB]
[2024-10-08 07:18:27,524: INFO: utils: The file: config.yaml loaded successfully...]
[2024-10-08 07:18:27,524: INFO: utils: The file: config.yaml loaded successfully...]
[2024-10-08 07:21:13,402: INFO: config: PyTorch version 2.3.1.post100 available.]
[2024-10-08 07:21:13,403: INFO: config: TensorFlow version 2.17.0 available.]
[2024-10-08 07:21:14,613: INFO: utils: The file: config.yaml loaded successfully...]
[2024-10-08 07:21:14,615: INFO: utils: The file: config.yaml loaded successfully...]
[2024-10-08 07:21:15,243: INFO: data: The data "Samsung/samsum" loaded successfully and saved at "artifacts/data" with size 48.43 MB]
[2024-10-08 07:21:15,244: INFO: utils: The file: config.yaml loaded successfully...]
[2024-10-08 07:21:15,245: INFO: utils: The file: config.yaml loaded successfully...]
[2024-10-08 07:31:02,044: INFO: config: PyTorch version 2.3.1.post100 available.]
[2024-10-08 07:31:02,047: INFO: config: TensorFlow version 2.17.0 available.]
[2024-10-08 07:31:11,746: INFO: utils: The file: config.yaml loaded successfully...]
[2024-10-08 07:31:11,748: INFO: utils: The file: config.yaml loaded successfully...]
[2024-10-08 07:33:27,297: INFO: config: PyTorch version 2.3.1.post100 available.]
[2024-10-08 07:33:27,298: INFO: config: TensorFlow version 2.17.0 available.]
[2024-10-08 07:33:27,477: INFO: utils: The file: config.yaml loaded successfully...]
[2024-10-08 07:33:27,480: INFO: utils: The file: config.yaml loaded successfully...]
[2024-10-08 15:19:01,459: INFO: config: PyTorch version 2.3.1.post100 available.]
[2024-10-08 15:19:01,462: INFO: config: TensorFlow version 2.17.0 available.]
[2024-10-08 15:31:03,498: INFO: config: PyTorch version 2.3.1.post100 available.]
[2024-10-08 15:31:03,500: INFO: config: TensorFlow version 2.17.0 available.]
[2024-10-08 15:56:53,966: INFO: config: PyTorch version 2.3.1.post100 available.]
[2024-10-08 15:56:53,968: INFO: config: TensorFlow version 2.17.0 available.]
[2024-10-08 17:27:28,636: INFO: config: PyTorch version 2.3.1.post100 available.]
[2024-10-08 17:27:28,638: INFO: config: TensorFlow version 2.17.0 available.]
[2024-10-08 17:48:59,208: INFO: utils: The file: config.yaml loaded successfully...]
[2024-10-08 17:48:59,210: INFO: utils: The file: config.yaml loaded successfully...]
[2024-10-08 17:50:10,437: INFO: utils: The file: config.yaml loaded successfully...]
[2024-10-08 17:50:10,439: INFO: utils: The file: config.yaml loaded successfully...]
[2024-10-08 17:51:15,836: INFO: utils: The file: config.yaml loaded successfully...]
[2024-10-08 17:51:15,837: INFO: utils: The file: config.yaml loaded successfully...]
[2024-10-08 17:52:51,253: INFO: utils: The file: config.yaml loaded successfully...]
[2024-10-08 17:52:51,255: INFO: utils: The file: config.yaml loaded successfully...]
[2024-10-08 17:57:33,999: INFO: utils: The file: config.yaml loaded successfully...]
[2024-10-08 17:57:34,001: INFO: utils: The file: config.yaml loaded successfully...]
[2024-10-08 17:57:50,002: INFO: config: PyTorch version 2.3.1.post100 available.]
[2024-10-08 17:57:50,004: INFO: config: TensorFlow version 2.17.0 available.]
[2024-10-08 17:57:55,353: INFO: utils: The file: params.yaml loaded successfully...]
[2024-10-08 17:57:55,355: INFO: utils: The file: config.yaml loaded successfully...]
[2024-10-08 17:57:55,355: INFO: utils: Directory 'artifacts/fine_tuning' was created successfully...]
[2024-10-08 17:58:21,489: INFO: utils: The file: params.yaml loaded successfully...]
[2024-10-08 17:58:21,491: INFO: utils: The file: config.yaml loaded successfully...]
[2024-10-08 17:58:41,671: INFO: utils: The file: params.yaml loaded successfully...]
[2024-10-08 17:58:41,673: INFO: utils: The file: config.yaml loaded successfully...]
[2024-10-08 17:59:31,340: INFO: utils: The file: params.yaml loaded successfully...]
[2024-10-08 17:59:31,342: INFO: utils: The file: config.yaml loaded successfully...]
[2024-10-08 18:01:51,130: INFO: utils: The file: params.yaml loaded successfully...]
[2024-10-08 18:01:51,132: INFO: utils: The file: config.yaml loaded successfully...]
[2024-10-08 18:02:19,995: INFO: utils: The file: params.yaml loaded successfully...]
[2024-10-08 18:02:19,997: INFO: utils: The file: config.yaml loaded successfully...]
[2024-10-08 18:03:15,179: INFO: utils: The file: params.yaml loaded successfully...]
[2024-10-08 18:03:15,180: INFO: utils: The file: config.yaml loaded successfully...]
[2024-10-08 18:04:13,025: INFO: utils: The file: params.yaml loaded successfully...]
[2024-10-08 18:04:13,027: INFO: utils: The file: config.yaml loaded successfully...]
[2024-10-08 18:05:28,794: INFO: utils: The file: params.yaml loaded successfully...]
[2024-10-08 18:05:28,795: INFO: utils: The file: config.yaml loaded successfully...]
[2024-10-08 18:28:49,155: INFO: config: PyTorch version 2.3.1.post100 available.]
[2024-10-08 18:28:49,155: INFO: config: TensorFlow version 2.17.0 available.]
[2024-10-08 18:28:54,852: INFO: utils: The file: params.yaml loaded successfully...]
[2024-10-08 18:28:54,853: INFO: utils: The file: config.yaml loaded successfully...]
[2024-10-08 18:28:55,575: INFO: data: The data "Samsung/samsum" loaded successfully and saved at "artifacts/data" with size 90.64 MB]
[2024-10-08 18:28:55,576: INFO: utils: The file: params.yaml loaded successfully...]
[2024-10-08 18:28:55,577: INFO: utils: The file: config.yaml loaded successfully...]
[2024-10-08 18:31:16,666: INFO: config: PyTorch version 2.3.1.post100 available.]
[2024-10-08 18:31:16,667: INFO: config: TensorFlow version 2.17.0 available.]
[2024-10-08 18:31:16,947: INFO: utils: The file: params.yaml loaded successfully...]
[2024-10-08 18:31:16,948: INFO: utils: The file: config.yaml loaded successfully...]
[2024-10-08 18:31:17,574: INFO: data: The data "Samsung/samsum" loaded successfully and saved at "artifacts/data" with size 90.64 MB]
[2024-10-08 18:31:17,575: INFO: utils: The file: params.yaml loaded successfully...]
[2024-10-08 18:31:17,576: INFO: utils: The file: config.yaml loaded successfully...]
[2024-10-08 18:31:21,050: INFO: utils: The file: params.yaml loaded successfully...]
[2024-10-08 18:31:21,051: INFO: utils: The file: config.yaml loaded successfully...]
[2024-10-08 18:33:14,029: INFO: config: PyTorch version 2.3.1.post100 available.]
[2024-10-08 18:33:14,030: INFO: config: TensorFlow version 2.17.0 available.]
[2024-10-08 18:33:19,700: INFO: utils: The file: params.yaml loaded successfully...]
[2024-10-08 18:33:19,701: INFO: utils: The file: config.yaml loaded successfully...]
[2024-10-08 18:33:20,243: INFO: data: The data "Samsung/samsum" loaded successfully and saved at "artifacts/data" with size 129.01 MB]
[2024-10-08 18:33:20,244: INFO: utils: The file: params.yaml loaded successfully...]
[2024-10-08 18:33:20,245: INFO: utils: The file: config.yaml loaded successfully...]
[2024-10-08 18:33:22,276: INFO: utils: The file: params.yaml loaded successfully...]
[2024-10-08 18:33:22,277: INFO: utils: The file: config.yaml loaded successfully...]
[2024-10-08 18:47:33,651: INFO: config: PyTorch version 2.3.1.post300 available.]
[2024-10-08 18:47:33,653: INFO: config: TensorFlow version 2.17.0 available.]
[2024-10-08 18:47:40,390: INFO: utils: The file: params.yaml loaded successfully...]
[2024-10-08 18:47:40,392: INFO: utils: The file: config.yaml loaded successfully...]
[2024-10-08 18:49:52,793: INFO: config: PyTorch version 2.3.1.post300 available.]
[2024-10-08 18:49:52,795: INFO: config: TensorFlow version 2.17.0 available.]
[2024-10-08 18:49:57,254: INFO: utils: The file: params.yaml loaded successfully...]
[2024-10-08 18:49:57,257: INFO: utils: The file: config.yaml loaded successfully...]
[2024-10-08 18:50:56,602: INFO: utils: The file: params.yaml loaded successfully...]
[2024-10-08 18:50:56,604: INFO: utils: The file: config.yaml loaded successfully...]
[2024-10-08 18:51:17,243: INFO: config: PyTorch version 2.3.1.post300 available.]
[2024-10-08 18:51:17,244: INFO: config: TensorFlow version 2.17.0 available.]
[2024-10-08 18:51:23,478: INFO: utils: The file: params.yaml loaded successfully...]
[2024-10-08 18:51:23,480: INFO: utils: The file: config.yaml loaded successfully...]
[2024-10-08 19:32:46,785: INFO: utils: The file: params.yaml loaded successfully...]
[2024-10-08 19:32:46,787: INFO: utils: The file: config.yaml loaded successfully...]
[2024-10-08 19:33:43,690: INFO: utils: The file: params.yaml loaded successfully...]
[2024-10-08 19:33:43,692: INFO: utils: The file: config.yaml loaded successfully...]
[2024-10-08 19:34:40,459: INFO: config: PyTorch version 2.3.1.post300 available.]
[2024-10-08 19:34:40,461: INFO: config: TensorFlow version 2.17.0 available.]
[2024-10-08 19:34:46,538: INFO: utils: The file: params.yaml loaded successfully...]
[2024-10-08 19:34:46,540: INFO: utils: The file: config.yaml loaded successfully...]
[2024-10-08 19:39:59,089: INFO: config: PyTorch version 2.3.1.post300 available.]
[2024-10-08 19:39:59,091: INFO: config: TensorFlow version 2.17.0 available.]
[2024-10-08 19:40:17,383: INFO: utils: The file: params.yaml loaded successfully...]
[2024-10-08 19:40:17,385: INFO: utils: The file: config.yaml loaded successfully...]
